Build started 2/1/2011 10:27:23 AM.
Project "c:\Users\ffef\documents\visual studio 2010\Projects\diabot_vs\diabot_vs\diabot_vs.vcxproj" on node 2 (build target(s)).
InitializeBuildStatus:
  Touching "Debug\diabot_vs.unsuccessfulbuild".
ClCompile:
  All outputs are up-to-date.
ManifestResourceCompile:
  All outputs are up-to-date.
Link:
  C:\Program Files\Microsoft Visual Studio 10.0\VC\bin\link.exe /ERRORREPORT:PROMPT /OUT:"c:\users\ffef\documents\visual studio 2010\Projects\diabot_vs\Debug\diabot_vs.exe" /INCREMENTAL /NOLOGO /LIBPATH:"C:\Program Files\MATLAB\R2010a Student\extern\lib\win32\microsoft" kernel32.lib user32.lib gdi32.lib winspool.lib comdlg32.lib advapi32.lib shell32.lib ole32.lib oleaut32.lib uuid.lib odbc32.lib odbccp32.lib kernel32.lib user32.lib gdi32.lib winspool.lib comdlg32.lib advapi32.lib shell32.lib ole32.lib oleaut32.lib uuid.lib odbc32.lib odbccp32.lib libeng.lib /MANIFEST /ManifestFile:"Debug\diabot_vs.exe.intermediate.manifest" /MANIFESTUAC:"level='asInvoker' uiAccess='false'" /DEBUG /PDB:"c:\users\ffef\documents\visual studio 2010\Projects\diabot_vs\Debug\diabot_vs.pdb" /SUBSYSTEM:CONSOLE /TLBID:1 /DYNAMICBASE /NXCOMPAT /IMPLIB:"c:\users\ffef\documents\visual studio 2010\Projects\diabot_vs\Debug\diabot_vs.lib" /MACHINE:X86 Debug\diabot_vs.exe.embed.manifest.res
  Debug\diabot.obj
  Debug\jeffutil.obj
  Debug\web.obj
Manifest:
  C:\Program Files\Microsoft SDKs\Windows\v7.0A\bin\mt.exe /nologo /verbose /out:"Debug\diabot_vs.exe.embed.manifest" /manifest Debug\diabot_vs.exe.intermediate.manifest
  C:\Program Files\Microsoft SDKs\Windows\v7.0A\bin\rc.exe /nologo /fo"Debug\diabot_vs.exe.embed.manifest.res" Debug\diabot_vs_manifest.rc 
LinkEmbedManifest:
  C:\Program Files\Microsoft Visual Studio 10.0\VC\bin\link.exe /ERRORREPORT:PROMPT /OUT:"c:\users\ffef\documents\visual studio 2010\Projects\diabot_vs\Debug\diabot_vs.exe" /INCREMENTAL /NOLOGO /LIBPATH:"C:\Program Files\MATLAB\R2010a Student\extern\lib\win32\microsoft" kernel32.lib user32.lib gdi32.lib winspool.lib comdlg32.lib advapi32.lib shell32.lib ole32.lib oleaut32.lib uuid.lib odbc32.lib odbccp32.lib kernel32.lib user32.lib gdi32.lib winspool.lib comdlg32.lib advapi32.lib shell32.lib ole32.lib oleaut32.lib uuid.lib odbc32.lib odbccp32.lib libeng.lib /MANIFEST /ManifestFile:"Debug\diabot_vs.exe.intermediate.manifest" /MANIFESTUAC:"level='asInvoker' uiAccess='false'" /DEBUG /PDB:"c:\users\ffef\documents\visual studio 2010\Projects\diabot_vs\Debug\diabot_vs.pdb" /SUBSYSTEM:CONSOLE /TLBID:1 /DYNAMICBASE /NXCOMPAT /IMPLIB:"c:\users\ffef\documents\visual studio 2010\Projects\diabot_vs\Debug\diabot_vs.lib" /MACHINE:X86 Debug\diabot_vs.exe.embed.manifest.res
  Debug\diabot.obj
  Debug\jeffutil.obj
  Debug\web.obj
  diabot_vs.vcxproj -> c:\users\ffef\documents\visual studio 2010\Projects\diabot_vs\Debug\diabot_vs.exe
FinalizeBuildStatus:
  Deleting file "Debug\diabot_vs.unsuccessfulbuild".
  Touching "Debug\diabot_vs.lastbuildstate".
Done Building Project "c:\Users\ffef\documents\visual studio 2010\Projects\diabot_vs\diabot_vs\diabot_vs.vcxproj" (build target(s)).

Build succeeded.

Time Elapsed 00:00:01.84
