C:\USERS\FFEJ\DOCUMENTS\THESIS\DIABOT_VS\DEBUG\DIABOT_VS.EXE
C:\USERS\FFEJ\DOCUMENTS\THESIS\DIABOT_VS\DEBUG\DIABOT_VS.ILK
C:\USERS\FFEJ\DOCUMENTS\THESIS\DIABOT_VS\DEBUG\DIABOT_VS.PDB
C:\Users\ffej\Documents\Thesis\diabot_vs\diabot_vs\Debug\cl.command.1.tlog
C:\Users\ffej\Documents\Thesis\diabot_vs\diabot_vs\Debug\CL.read.1.tlog
C:\Users\ffej\Documents\Thesis\diabot_vs\diabot_vs\Debug\CL.write.1.tlog
C:\USERS\FFEJ\DOCUMENTS\THESIS\DIABOT_VS\DIABOT_VS\DEBUG\DIABOT.OBJ
C:\USERS\FFEJ\DOCUMENTS\THESIS\DIABOT_VS\DIABOT_VS\DEBUG\DIABOT_VS.EXE.EMBED.MANIFEST
C:\USERS\FFEJ\DOCUMENTS\THESIS\DIABOT_VS\DIABOT_VS\DEBUG\DIABOT_VS.EXE.EMBED.MANIFEST.RES
C:\USERS\FFEJ\DOCUMENTS\THESIS\DIABOT_VS\DIABOT_VS\DEBUG\DIABOT_VS.EXE.INTERMEDIATE.MANIFEST
C:\Users\ffej\Documents\Thesis\diabot_vs\diabot_vs\Debug\diabot_vs_manifest.rc
C:\USERS\FFEJ\DOCUMENTS\THESIS\DIABOT_VS\DIABOT_VS\DEBUG\FMAP.OBJ
C:\Users\ffej\Documents\Thesis\diabot_vs\diabot_vs\Debug\link.3240.read.1.tlog
C:\Users\ffej\Documents\Thesis\diabot_vs\diabot_vs\Debug\link.3240.write.1.tlog
C:\Users\ffej\Documents\Thesis\diabot_vs\diabot_vs\Debug\link.3240-cvtres.read.1.tlog
C:\Users\ffej\Documents\Thesis\diabot_vs\diabot_vs\Debug\link.3240-cvtres.write.1.tlog
C:\Users\ffej\Documents\Thesis\diabot_vs\diabot_vs\Debug\link.command.1.tlog
C:\Users\ffej\Documents\Thesis\diabot_vs\diabot_vs\Debug\link.read.1.tlog
C:\Users\ffej\Documents\Thesis\diabot_vs\diabot_vs\Debug\link.write.1.tlog
C:\Users\ffej\Documents\Thesis\diabot_vs\diabot_vs\Debug\link-cvtres.read.1.tlog
C:\Users\ffej\Documents\Thesis\diabot_vs\diabot_vs\Debug\link-cvtres.write.1.tlog
C:\USERS\FFEJ\DOCUMENTS\THESIS\DIABOT_VS\DIABOT_VS\DEBUG\MATLAB.OBJ
C:\Users\ffej\Documents\Thesis\diabot_vs\diabot_vs\Debug\mt.command.1.tlog
C:\Users\ffej\Documents\Thesis\diabot_vs\diabot_vs\Debug\mt.read.1.tlog
C:\Users\ffej\Documents\Thesis\diabot_vs\diabot_vs\Debug\mt.write.1.tlog
C:\Users\ffej\Documents\Thesis\diabot_vs\diabot_vs\Debug\rc.command.1.tlog
C:\Users\ffej\Documents\Thesis\diabot_vs\diabot_vs\Debug\rc.read.1.tlog
C:\Users\ffej\Documents\Thesis\diabot_vs\diabot_vs\Debug\rc.write.1.tlog
C:\USERS\FFEJ\DOCUMENTS\THESIS\DIABOT_VS\DIABOT_VS\DEBUG\UTIL.OBJ
C:\Users\ffej\Documents\Thesis\diabot_vs\diabot_vs\Debug\vc100.idb
C:\USERS\FFEJ\DOCUMENTS\THESIS\DIABOT_VS\DIABOT_VS\DEBUG\VC100.PDB
C:\USERS\FFEJ\DOCUMENTS\THESIS\DIABOT_VS\DIABOT_VS\DEBUG\WEB.OBJ
